;Old Camera_dart_offset:;-0.0455462806743;-0.107994790678;Dart_No:;0;Current Offset: ;0.0445307109894;-0.038970928463;timestamp;2013-08-22 18:49:41.999682
;Old Camera_dart_offset:;0;0;Dart_No:;0;Current Offset: ;0;0;timestamp;2013-08-22 19:48:01.437071
;Old Camera_dart_offset:;0;0;Dart_No:;1;Current Offset: ;0;0;timestamp;2013-08-22 19:48:51.489058
;Old Camera_dart_offset:;0;0;Dart_No:;2;Current Offset: ;0;0;timestamp;2013-08-22 19:50:38.937153
;Old Camera_dart_offset:;0;0;Dart_No:;3;Current Offset: ;-0.0343657501063;-0.116881314922;timestamp;2013-08-22 19:54:45.162363
;Old Camera_dart_offset:;-0.0343657501063;-0.116881314922;Dart_No:;4;Current Offset: ;0.023629075737;-0.0389971538523;timestamp;2013-08-22 19:56:15.389682
;Old Camera_dart_offset:;-0.0107366743693;-0.155878468774;Dart_No:;-1;Current Offset: ;-0.022844698185;0.0394954362485;timestamp;2013-08-22 19:57:33.909609
;Old Camera_dart_offset:;-0.0335813725543;-0.116383032526;Dart_No:;0;Current Offset: ;0.0;0.0;timestamp;2013-08-23 09:29:41.431965
;Old Camera_dart_offset:;-0.0335813725543;-0.116383032526;Dart_No:;0;Current Offset: ;0.0;0.0;timestamp;2013-08-23 09:57:15.332541
;Old Camera_dart_offset:;-0.0335813725543;-0.116383032526;Dart_No:;0;Current Offset: ;0.0;0.0;timestamp;2013-08-23 10:03:24.765952
;Old Camera_dart_offset:;0;0;Dart_No:;0;Current Offset: ;0.0130209057752;-0.0588104354497;timestamp;2013-08-23 10:15:49.991003
;Old Camera_dart_offset:;0;0;Dart_No:;0;Current Offset: ;-0.0470848983402;-0.125467868738;timestamp;2013-08-23 13:46:46.547976
;Old Camera_dart_offset:;-0.0470848983402;-0.125467868738;Dart_No:;1;Current Offset: ;-0.0501198629034;0.0106080601004;timestamp;2013-08-23 13:48:55.869109
;Old Camera_dart_offset:;-0.0972047612436;-0.114859808637;Dart_No:;2;Current Offset: ;-0.00768125989274;-0.0143301864514;timestamp;2013-08-23 13:50:36.112706
;Old Camera_dart_offset:;-0.104886021136;-0.129189995089;Dart_No:;3;Current Offset: ;0.0163773559444;-0.0195793389977;timestamp;2013-08-23 13:53:40.408171
;Old Camera_dart_offset:;-0.0885086651919;-0.148769334086;Dart_No:;4;Current Offset: ;-0.00974092736805;0.026748181618;timestamp;2013-08-23 13:55:34.245923
;Old Camera_dart_offset:;-0.0982495925599;-0.122021152468;Dart_No:;-1;Current Offset: ;0.00178471186574;0.0300776440902;timestamp;2013-08-23 13:57:18.128568
;Old Camera_dart_offset:;-0.0964648806942;-0.0919435083781;Dart_No:;0;Current Offset: ;0;0;timestamp;2013-08-23 14:11:04.709517
;Old Camera_dart_offset:;-0.0964648806942;-0.0919435083781;Dart_No:;0;Current Offset: ;-0.00480297457986;0.00181095762847;timestamp;2013-08-23 14:17:02.952602
;Old Camera_dart_offset:;-0.0964648806942;-0.0919435083781;Dart_No:;1;Current Offset: ;-0.00677140678472;-0.0247864983236;timestamp;2013-08-23 14:18:05.000879
;Old Camera_dart_offset:;-0.0964648806942;-0.0919435083781;Dart_No:;2;Current Offset: ;-0.0156424745879;-0.0353267966365;timestamp;2013-08-23 14:19:05.862541
;Old Camera_dart_offset:;-0.0964648806942;-0.0919435083781;Dart_No:;3;Current Offset: ;0.00118105932292;-0.0430692966423;timestamp;2013-08-23 14:20:01.264173
;Old Camera_dart_offset:;-0.0964648806942;-0.0919435083781;Dart_No:;4;Current Offset: ;0.00389749576562;-0.0298020635816;timestamp;2013-08-23 14:20:53.291262
;Old Camera_dart_offset:;-0.0964648806942;-0.0919435083781;Dart_No:;-1;Current Offset: ;-0.0310224915486;-0.0253884011489;timestamp;2013-08-23 14:21:55.647946
;Old Camera_dart_offset:;-0.0964648806942;-0.0919435083781;Dart_No:;0;Current Offset: ;0;0;timestamp;2013-08-23 14:30:09.508791
;Old Camera_dart_offset:;0;0;Dart_No:;1;Current Offset: ;0.0286603729027;0.151175593333;timestamp;2013-08-23 14:32:51.501891
;Old Camera_dart_offset:;0;0;Dart_No:;2;Current Offset: ;0;0;timestamp;2013-08-23 14:35:40.187137
;Old Camera_dart_offset:;0;0;Dart_No:;0;Current Offset: ;0;0;timestamp;2013-08-23 14:41:29.217841
;Old Camera_dart_offset:;0;0;Dart_No:;0;Current Offset: ;0.126893013654;-0.0198103017097;timestamp;2013-08-23 14:54:00.759480
;Old Camera_dart_offset:;0.126893013654;-0.0198103017097;Dart_No:;1;Current Offset: ;-0.014627638429;-0.00292202825077;timestamp;2013-08-23 14:55:08.449547
;Old Camera_dart_offset:;0.126893013654;-0.0198103017097;Dart_No:;2;Current Offset: ;-0.013490322044;-0.00262457627315;timestamp;2013-08-23 14:56:02.526459
;Old Camera_dart_offset:;0.126893013654;-0.0198103017097;Dart_No:;0;Current Offset: ;-0.0126767033993;0.00771625424305;timestamp;2013-08-23 14:59:03.362190
;Old Camera_dart_offset:;0.114216310255;-0.0120940474667;Dart_No:;1;Current Offset: ;-7.87372881944e-05;-0.00354317796875;timestamp;2013-08-23 14:59:58.268862
;Old Camera_dart_offset:;0.114137572967;-0.0156372254354;Dart_No:;2;Current Offset: ;-0.00204716949305;0.00343294576527;timestamp;2013-08-23 15:00:51.753478
;Old Camera_dart_offset:;0.112090403473;-0.0122042796701;Dart_No:;3;Current Offset: ;-0.000529687211489;-0.0346300909349;timestamp;2013-08-23 15:01:48.832778
;Old Camera_dart_offset:;0.111560716262;-0.0468343706051;Dart_No:;4;Current Offset: ;0.0509542736458;-0.0134753244653;timestamp;2013-08-23 15:02:46.108880
;Old Camera_dart_offset:;0.162514989908;-0.0603096950703;Dart_No:;-1;Current Offset: ;-0.0497619661388;0.0248809830694;timestamp;2013-08-23 15:03:43.462074
;Old Camera_dart_offset:;0;0;Dart_No:;0;Current Offset: ;0.124697368132;0.00114731477083;timestamp;2013-08-23 15:13:42.944321
;Old Camera_dart_offset:;0.124697368132;0.00114731477083;Dart_No:;1;Current Offset: ;0.0067264140486;-0.0397510823541;timestamp;2013-08-23 15:14:37.180536
;Old Camera_dart_offset:;0.13142378218;-0.0386037675833;Dart_No:;2;Current Offset: ;-0.0261722745958;0.0157159627236;timestamp;2013-08-23 15:15:30.493450
;Old Camera_dart_offset:;0.105251507585;-0.0228878048597;Dart_No:;3;Current Offset: ;0.0180420871805;-0.0227438281041;timestamp;2013-08-23 15:18:54.575470
;Old Camera_dart_offset:;0.123293594765;-0.0456316329638;Dart_No:;4;Current Offset: ;-0.0224794957795;0.0223613898472;timestamp;2013-08-23 15:19:48.364728
;Old Camera_dart_offset:;0.100814098986;-0.0232702431166;Dart_No:;0;Current Offset: ;-0.00200780084896;0.000590529661458;timestamp;2013-08-23 15:29:22.875619
;Old Camera_dart_offset:;0.0988062981367;-0.0226797134552;Dart_No:;1;Current Offset: ;0.0100258813634;-0.0302351186666;timestamp;2013-08-23 15:30:16.471761
;Old Camera_dart_offset:;0.1088321795;-0.0529148321218;Dart_No:;2;Current Offset: ;0.0;0.0;timestamp;2013-08-23 15:31:14.197407
;Old Camera_dart_offset:;0.1088321795;-0.0529148321218;Dart_No:;3;Current Offset: ;-0.00472423729166;0.00873983898957;timestamp;2013-08-23 15:32:12.919174
;Old Camera_dart_offset:;0.104107942208;-0.0441749931322;Dart_No:;4;Current Offset: ;-0.00575657062577;0.0246535197924;timestamp;2013-08-23 15:33:04.889468
;Old Camera_dart_offset:;0.0983513715827;-0.0195214733398;Dart_No:;-1;Current Offset: ;0.0120805496458;0.000787372881944;timestamp;2013-08-23 15:35:39.706766
;Old Camera_dart_offset:;0.110431921229;-0.0187341004579;Dart_No:;0;Current Offset: ;0.0184245254375;-0.014172711875;timestamp;2013-08-23 15:48:07.937032
;Old Camera_dart_offset:;0.128856446666;-0.0329068123329;Dart_No:;1;Current Offset: ;-0.020674162243;0.00722133414583;timestamp;2013-08-23 15:49:01.467058
;Old Camera_dart_offset:;0.108182284423;-0.025685478187;Dart_No:;0;Current Offset: ;-0.00595980704487;0.00302835723824;timestamp;2013-08-23 16:15:52.953115
;Old Camera_dart_offset:;0.102222477378;-0.0226571209488;Dart_No:;0;Current Offset: ;0.00944847458332;0.000997338983795;timestamp;2013-08-23 16:17:57.809636
;Old Camera_dart_offset:;0.111670951961;-0.021659781965;Dart_No:;1;Current Offset: ;0.00540662712268;-0.0171384830636;timestamp;2013-08-23 16:18:48.274084
;Old Camera_dart_offset:;0.117077579084;-0.0387982650286;Dart_No:;2;Current Offset: ;-0.00151748228156;0.00718656703156;timestamp;2013-08-23 16:19:41.293668
;Old Camera_dart_offset:;0.115560096803;-0.0316116979971;Dart_No:;3;Current Offset: ;0.00260707909799;-0.018826960466;timestamp;2013-08-23 16:20:40.772140
;Old Camera_dart_offset:;0.118167175901;-0.0504386584631;Dart_No:;4;Current Offset: ;-0.00292452784722;0.0330921574097;timestamp;2013-08-23 16:21:34.125402
;Old Camera_dart_offset:;0.115242648053;-0.0173465010534;Dart_No:;-1;Current Offset: ;0.0248494881541;-0.0212590678125;timestamp;2013-08-23 16:22:37.439194
;Old Camera_dart_offset:;0.140092136207;-0.0386055688659;Dart_No:;0;Current Offset: ;-0.0110757118727;0.00493420339351;timestamp;2013-08-23 16:51:44.456181
;Old Camera_dart_offset:;0.129016424335;-0.0336713654724;Dart_No:;1;Current Offset: ;-0.0208991259236;0.0112706803958;timestamp;2013-08-23 16:52:37.373983
;Old Camera_dart_offset:;0.108117298411;-0.0224006850766;Dart_No:;2;Current Offset: ;0.0157474576389;-0.0151962966215;timestamp;2013-08-23 16:53:45.978411
;Old Camera_dart_offset:;0.12386475605;-0.0375969816981;Dart_No:;3;Current Offset: ;0.0042518135625;0.00135428135694;timestamp;2013-08-23 16:54:50.692301
;Old Camera_dart_offset:;0.128116569613;-0.0362427003411;Dart_No:;4;Current Offset: ;-0.0013385338993;-0.00873983898957;timestamp;2013-08-23 16:55:47.788195
;Old Camera_dart_offset:;0.126778035713;-0.0449825393307;Dart_No:;-1;Current Offset: ;-0.00557460000416;0.0175426678097;timestamp;2013-08-23 16:56:40.050241
;Old Camera_dart_offset:;0.121203435709;-0.027439871521;Dart_No:;0;Current Offset: ;-0.0491320678333;-0.0374002118923;timestamp;2013-08-23 18:17:16.368567
;Old Camera_dart_offset:;0.0720713678758;-0.0648400834133;Dart_No:;1;Current Offset: ;-0.0125979661111;-0.0286603729027;timestamp;2013-08-23 18:18:39.093949
;Old Camera_dart_offset:;0.0594734017647;-0.0935004563161;Dart_No:;2;Current Offset: ;-0.00929100000693;-0.0173746949282;timestamp;2013-08-23 18:20:20.664077
;Old Camera_dart_offset:;0.0501824017578;-0.110875151244;Dart_No:;3;Current Offset: ;0.00740130509027;-0.0188969491666;timestamp;2013-08-23 18:21:19.175043
;Old Camera_dart_offset:;0.057583706848;-0.129772100411;Dart_No:;4;Current Offset: ;0.00771625424305;-0.000262457627315;timestamp;2013-08-23 18:22:23.343279
;Old Camera_dart_offset:;0.0652999610911;-0.130034558038;Dart_No:;-1;Current Offset: ;0.0;0.0;timestamp;2013-08-23 18:23:19.082115
;Old Camera_dart_offset:;0.0652999610911;-0.130034558038;Dart_No:;0;Current Offset: ;0.0;0.0;timestamp;2013-08-23 20:15:34.635077
;Old Camera_dart_offset:;0;0;Dart_No:;1;Current Offset: ;0;0;timestamp;2013-08-23 20:17:40.285535
;Old Camera_dart_offset:;0;0;Dart_No:;2;Current Offset: ;0;0;timestamp;2013-08-23 20:21:17.539681
;Old Camera_dart_offset:;0;0;Dart_No:;3;Current Offset: ;0;0;timestamp;2013-08-23 20:22:08.277511
;Old Camera_dart_offset:;0;0;Dart_No:;4;Current Offset: ;0;0;timestamp;2013-08-23 20:23:30.683604
;Old Camera_dart_offset:;0;0;Dart_No:;-1;Current Offset: ;0.0;0.0;timestamp;2013-08-23 20:25:55.457673
;Old Camera_dart_offset:;0;0;Dart_No:;0;Current Offset: ;0.0;0.0;timestamp;2013-08-23 20:27:19.179520
;Old Camera_dart_offset:;0;0;Dart_No:;0;Current Offset: ;0.104599817941;0.0817506246667;timestamp;2013-08-23 21:06:50.498088
;Old Camera_dart_offset:;0.104599817941;0.0817506246667;Dart_No:;1;Current Offset: ;0.0423461708732;0.0128721443148;timestamp;2013-08-23 21:07:53.341566
;Old Camera_dart_offset:;0.146945988814;0.0946227689816;Dart_No:;2;Current Offset: ;-0.0195887048937;-0.0150781478458;timestamp;2013-08-23 21:08:58.615076
;Old Camera_dart_offset:;0.12735728392;0.0795446211357;Dart_No:;3;Current Offset: ;0.0114082396719;0.0145487769747;timestamp;2013-08-23 21:10:20.570795
;Old Camera_dart_offset:;0.138765523592;0.0940933981104;Dart_No:;4;Current Offset: ;0.000905793496966;0.00470570767936;timestamp;2013-08-23 21:11:45.234711
;Old Camera_dart_offset:;0.139671317089;0.0987991057898;Dart_No:;-1;Current Offset: ;-0.00481985238833;-0.0111088576437;timestamp;2013-08-23 21:14:01.557080
;Old Camera_dart_offset:;0;0;Dart_No:;0;Current Offset: ;0.080165486047;0.131643829269;timestamp;2013-08-24 15:05:41.985787
;Old Camera_dart_offset:;0;0;Dart_No:;1;Current Offset: ;0.0509409425684;-0.0874790321175;timestamp;2013-08-24 15:10:59.602526
;Old Camera_dart_offset:;0.0509409425684;-0.0874790321175;Dart_No:;2;Current Offset: ;0.0385652627595;0.0887291007851;timestamp;2013-08-24 15:12:08.795505
;Old Camera_dart_offset:;0.0895062053279;0.00125006866756;Dart_No:;3;Current Offset: ;-0.0337518540241;-0.101912814671;timestamp;2013-08-24 15:17:28.873503
;Old Camera_dart_offset:;0.0557543513038;-0.100662746003;Dart_No:;4;Current Offset: ;0.00679260151477;-0.0603482793072;timestamp;2013-08-24 15:18:39.652259
;Old Camera_dart_offset:;0.0625469528186;-0.16101102531;Dart_No:;-1;Current Offset: ;0;0;timestamp;2013-08-24 15:29:55.062963
;Old Camera_dart_offset:;0;0;Dart_No:;0;Current Offset: ;0.0616776908461;0.122687585126;timestamp;2013-08-24 18:21:03.514101
;Old Camera_dart_offset:;0;0;Dart_No:;1;Current Offset: ;0.0653677438714;0.106213997835;timestamp;2013-08-24 18:24:20.903348
;Old Camera_dart_offset:;0;0;Dart_No:;0;Current Offset: ;0;0;timestamp;2013-08-24 18:26:47.945748
;Old Camera_dart_offset:;0;0;Dart_No:;0;Current Offset: ;0.0;0.0;timestamp;2013-08-24 18:49:02.616815
;Old Camera_dart_offset:;0;0;Dart_No:;1;Current Offset: ;0.0;0.0;timestamp;2013-08-24 18:50:28.418666
;Old Camera_dart_offset:;0.0;0.0;Dart_No:;2;Current Offset: ;0.0;0.0;timestamp;2013-08-24 18:51:23.837048
;Old Camera_dart_offset:;0.0;0.0;Dart_No:;3;Current Offset: ;0.0;0.0;timestamp;2013-08-24 18:52:23.253694
;Old Camera_dart_offset:;0.0;0.0;Dart_No:;4;Current Offset: ;0.0;0.0;timestamp;2013-08-24 18:53:22.787941
;Old Camera_dart_offset:;0.0;0.0;Dart_No:;-1;Current Offset: ;0.0;0.0;timestamp;2013-08-24 18:55:00.747535
;Old Camera_dart_offset:;0.0;0.0;Dart_No:;0;Current Offset: ;-0.0480126651133;-0.0596895650693;timestamp;2013-08-25 10:54:15.009666
;Old Camera_dart_offset:;-0.0480126651133;-0.0596895650693;Dart_No:;1;Current Offset: ;0.0388390482851;-0.041777353176;timestamp;2013-08-25 10:55:14.699072
;Old Camera_dart_offset:;-0.00917361682819;-0.101466918245;Dart_No:;2;Current Offset: ;-0.0332007905084;0.0712220448449;timestamp;2013-08-25 10:56:13.126243
;Old Camera_dart_offset:;-0.0423744073366;-0.0302448734004;Dart_No:;3;Current Offset: ;0.0838904131036;0.0827246075897;timestamp;2013-08-25 11:00:37.437304
;Old Camera_dart_offset:;0.041516005767;0.0524797341893;Dart_No:;4;Current Offset: ;-0.00605703375004;0.0428374046492;timestamp;2013-08-25 11:01:32.811082
;Old Camera_dart_offset:;0.035458972017;0.0953171388385;Dart_No:;-1;Current Offset: ;0.0;0.0;timestamp;2013-08-25 11:02:26.033780
;Old Camera_dart_offset:;0.035458972017;0.0953171388385;Dart_No:;0;Current Offset: ;0.0;0.0;timestamp;2013-08-25 11:04:20.533661
;Old Camera_dart_offset:;0;0;Dart_No:;0;Current Offset: ;-0.0861751399961;-0.142312244284;timestamp;2013-08-25 11:10:43.219720
;Old Camera_dart_offset:;-0.0861751399961;-0.142312244284;Dart_No:;1;Current Offset: ;0.0930095273714;-0.104895305454;timestamp;2013-08-25 11:11:42.319947
;Old Camera_dart_offset:;0;0;Dart_No:;2;Current Offset: ;0.0563433011812;0.0175095528831;timestamp;2013-08-25 11:12:41.042556
;Old Camera_dart_offset:;0.0563433011812;0.0175095528831;Dart_No:;3;Current Offset: ;0.108511115267;0.069209987343;timestamp;2013-08-25 11:13:30.925945
;Old Camera_dart_offset:;0;0;Dart_No:;0;Current Offset: ;0;0;timestamp;2013-08-26 00:54:18.917910
;Old Camera_dart_offset:;0;0;Dart_No:;1;Current Offset: ;-0.119823697241;0.0791113985646;timestamp;2013-08-26 01:05:17.235489
;Old Camera_dart_offset:;-0.119823697241;0.0791113985646;Dart_No:;2;Current Offset: ;-0.117664711705;0.0683164708852;timestamp;2013-08-26 01:06:18.881990
;Old Camera_dart_offset:;-0.237488408946;0.14742786945;Dart_No:;3;Current Offset: ;-0.102243386449;0.0804993178377;timestamp;2013-08-26 01:07:18.380522
;Old Camera_dart_offset:;-0.339731795395;0.227927187288;Dart_No:;4;Current Offset: ;-0.125606694212;0.0476518950418;timestamp;2013-08-26 01:11:35.395118
;Old Camera_dart_offset:;-0.465338489608;0.275579082329;Dart_No:;-1;Current Offset: ;-0.113346740634;0.0855883551722;timestamp;2013-08-26 01:12:47.118481
;Old Camera_dart_offset:;0;0;Dart_No:;0;Current Offset: ;-0.10409394548;0.065232205834;timestamp;2013-08-26 01:40:20.343615
;Old Camera_dart_offset:;-0.10409394548;0.065232205834;Dart_No:;1;Current Offset: ;-0.0994675479029;0.0791113985646;timestamp;2013-08-26 01:41:11.083675
;Old Camera_dart_offset:;-0.203561493383;0.144343604399;Dart_No:;2;Current Offset: ;-0.131389691183;0.0569046901956;timestamp;2013-08-26 01:42:01.504763
;Old Camera_dart_offset:;-0.334951184566;0.201248294594;Dart_No:;0;Current Offset: ;0;0;timestamp;2013-08-26 04:11:49.178872
;Old Camera_dart_offset:;-0.334951184566;0.201248294594;Dart_No:;0;Current Offset: ;0;0;timestamp;2013-08-26 04:12:54.012609
;Old Camera_dart_offset:;-0.334951184566;0.201248294594;Dart_No:;0;Current Offset: ;0;0;timestamp;2013-08-26 04:18:03.968479
;Old Camera_dart_offset:;-0.334951184566;0.201248294594;Dart_No:;0;Current Offset: ;0;0;timestamp;2013-08-26 04:28:26.076895
;Old Camera_dart_offset:;-0.334951184566;0.201248294594;Dart_No:;1;Current Offset: ;0;0;timestamp;2013-08-26 04:29:21.836822
;Old Camera_dart_offset:;-0.334951184566;0.201248294594;Dart_No:;2;Current Offset: ;0;0;timestamp;2013-08-26 04:30:20.289201
;Old Camera_dart_offset:;-0.334951184566;0.201248294594;Dart_No:;3;Current Offset: ;0;0;timestamp;2013-08-26 04:31:53.869766
;Old Camera_dart_offset:;-0.334951184566;0.201248294594;Dart_No:;4;Current Offset: ;0;0;timestamp;2013-08-26 04:32:44.291569
;Old Camera_dart_offset:;-0.334951184566;0.201248294594;Dart_No:;-1;Current Offset: ;0;0;timestamp;2013-08-26 04:33:38.564083
;Old Camera_dart_offset:;-0.334951184566;0.201248294594;Dart_No:;0;Current Offset: ;0;0;timestamp;2013-08-26 12:09:18.695619
;Old Camera_dart_offset:;-0.334951184566;0.201248294594;Dart_No:;1;Current Offset: ;0;0;timestamp;2013-08-26 12:10:16.261879
;Old Camera_dart_offset:;0;0;Dart_No:;0;Current Offset: ;0.102243386449;0.141105126095;timestamp;2013-08-26 14:35:14.405955
;Old Camera_dart_offset:;0.102243386449;0.141105126095;Dart_No:;1;Current Offset: ;0.0245199071575;-0.0235946276421;timestamp;2013-08-26 14:38:51.934199
;Old Camera_dart_offset:;0.126763293606;0.117510498453;Dart_No:;2;Current Offset: ;0.0134165529729;0.114734659907;timestamp;2013-08-26 14:41:09.421173
;Old Camera_dart_offset:;0.140179846579;0.232245158359;Dart_No:;3;Current Offset: ;0;0;timestamp;2013-08-26 14:43:27.042529
;Old Camera_dart_offset:;0.140179846579;0.232245158359;Dart_No:;4;Current Offset: ;0.0;0.0;timestamp;2013-08-26 14:45:07.868847
;Old Camera_dart_offset:;0.140179846579;0.232245158359;Dart_No:;-1;Current Offset: ;0.0;0.0;timestamp;2013-08-26 14:50:10.037919
;Camera_dart_offset:;0.140179846579;0.232245158359;Dart_No:;1;total offset to move:;[0.04580133601109225, -0.020818789095951022];Last Dart Center Offset: ;0;0;timestamp;2013-08-27 03:51:09.610718
;Camera_dart_offset:;0;0;Dart_No:;2;total offset to move:;[0.06338164680322866, -0.01989350958057542];Last Dart Center Offset: ;0;0;timestamp;2013-08-27 03:56:36.820642
;Camera_dart_offset:;0;0;Dart_No:;0;total offset to move:;[-0.021744068611326623, -0.07448500098773589];Last Dart Center Offset: ;0;0;timestamp;2013-08-27 14:58:26.522847
;Camera_dart_offset:;0;0;Dart_No:;0;total offset to move:;[-0.022669348126702224, -0.07309708171467248];Last Dart Center Offset: ;-0.623398007287;0.372955685126;timestamp;2013-08-27 14:59:36.621341
;Camera_dart_offset:;0;0;Dart_No:;0;total offset to move:;[-0.022669348126702224, -0.07170916244160908];Last Dart Center Offset: ;0;0;timestamp;2013-08-27 15:14:01.324182
;Camera_dart_offset:;0;0;Dart_No:;0;total offset to move:;[-0.02236092162157699, -0.07263444195698468];Last Dart Center Offset: ;0;0;timestamp;2013-08-27 15:18:31.374283
;Camera_dart_offset:;0;0;Dart_No:;0;total offset to move:;[-0.022669348126702224, -0.07170916244160908];Last Dart Center Offset: ;0;0;timestamp;2013-08-27 15:22:27.695050
;Camera_dart_offset:;0;0;Dart_No:;0;total offset to move:;[-0.022206708369014425, -0.07170916244160908];Last Dart Center Offset: ;-0.600574445908;0.293844286561;timestamp;2013-08-27 15:23:37.428468
;Camera_dart_offset:;0;0;Dart_No:;0;total offset to move:;[-0.022669348126702224, -0.07170916244160908];Last Dart Center Offset: ;0.0;0.0;timestamp;2013-08-27 15:25:54.795936
;Camera_dart_offset:;0;0;Dart_No:;0;total offset to move:;[0, 0];Last Dart Center Offset: ;0.0;0.0;timestamp;2013-08-27 15:31:53.762477
;Camera_dart_offset:;0;0;Dart_No:;0;total offset to move:;[-0.022669348126702224, -0.07170916244160908];Last Dart Center Offset: ;0.0;0.0;timestamp;2013-08-27 15:33:21.303307
;Camera_dart_offset:;0;0;Dart_No:;0;total offset to move:;[-0.021744068611326623, -0.07170916244160908];Last Dart Center Offset: ;-0.66811985053;0.452529723448;timestamp;2013-08-27 15:34:20.939870
;Camera_dart_offset:;0;0;Dart_No:;0;total offset to move:;[-0.021744068611326623, -0.06893332389548228];Last Dart Center Offset: ;0.0;0.0;timestamp;2013-08-27 15:37:08.093600
;Camera_dart_offset:;0;0;Dart_No:;0;total offset to move:;[-0.021744068611326623, -0.06985860341085788];Last Dart Center Offset: ;-0.583919414631;0.291531087772;timestamp;2013-08-27 15:40:52.522682
;Camera_dart_offset:;0;0;Dart_No:;0;total offset to move:;[-0.021744068611326623, -0.06985860341085788];Last Dart Center Offset: ;0.0;0.0;timestamp;2013-08-27 15:42:06.566020
;Camera_dart_offset:;0;0;Dart_No:;1;total offset to move:;[-0.022669348126702224, -0.07078388292623347];Last Dart Center Offset: ;-0.589471091723;0.292919007046;timestamp;2013-08-27 15:49:07.463082
;Camera_dart_offset:;0;0;Dart_No:;1;total offset to move:;[-0.021744068611326623, -0.06893332389548228];Last Dart Center Offset: ;0.00594627642078;-0.151215160335;timestamp;2013-08-27 15:56:50.317114
;Camera_dart_offset:;0.00594627642078;-0.151215160335;Dart_No:;2;total offset to move:;[-0.022669348126702224, -0.07124652268392127];Last Dart Center Offset: ;0.082744476197;-0.124844694147;timestamp;2013-08-27 15:58:02.941508
;Camera_dart_offset:;0.082744476197;-0.124844694147;Dart_No:;3;total offset to move:;[-0.022669348126702224, -0.06893332389548228];Last Dart Center Offset: ;-0.188362421808;-0.0392563389743;timestamp;2013-08-27 16:04:51.668872
;Camera_dart_offset:;0;0;Dart_No:;1;total offset to move:;[-0.022669348126702224, -0.06893332389548228];Last Dart Center Offset: ;-0.189287701323;-0.0378684197012;timestamp;2013-08-27 16:16:58.105433
;Camera_dart_offset:;-0.189287701323;-0.0378684197012;Dart_No:;2;total offset to move:;[0.16800627246983474, -0.03337810298268477];Last Dart Center Offset: ;0.0;0.0;timestamp;2013-08-27 16:24:55.257648
;Camera_dart_offset:;0.0;0.0;Dart_No:;3;total offset to move:;[0.0, 0.0];Last Dart Center Offset: ;-0.0232000283136;-0.0785807183778;timestamp;2013-08-27 16:25:29.873906
;Camera_dart_offset:;0.0;0.0;Dart_No:;1;total offset to move:;[-0.021744068611326623, -0.06985860341085788];Last Camera Dart Offset: ;-0.169856831501;-0.144275563969;timestamp;2013-08-27 16:27:40.466144
;Camera_dart_offset:;0.0;0.0;Dart_No:;1;total offset to move:;[-0.024519907157453426, -0.07078388292623347];Last Camera Dart Offset: ;-0.165693073681;-0.247906869691;timestamp;2013-08-27 16:39:13.563700
;Camera_dart_offset:;0;0;Dart_No:;1;total offset to move:;[-0.022669348126702224, -0.06893332389548228];Last Camera Dart Offset: ;-0.149038042405;-0.0110353137553;timestamp;2013-08-27 16:40:25.043317
;Camera_dart_offset:;-0.149038042405;-0.0110353137553;Dart_No:;2;total offset to move:;[0.12729397379330826, -0.056047451109387];Last Camera Dart Offset: ;0.08413239547;-0.221999043261;timestamp;2013-08-27 16:41:50.578249
;Camera_dart_offset:;0;0;Dart_No:;1;total offset to move:;[-0.021744068611326623, -0.06708276486473107];Last Camera Dart Offset: ;-0.169394191743;-0.103563265293;timestamp;2013-08-27 16:43:35.594511
;Camera_dart_offset:;-0.169394191743;-0.103563265293;Dart_No:;2;total offset to move:;[0.14672484361619592, 0.0374057799435487];Last Camera Dart Offset: ;0.0526728919472;0.0472572957133;timestamp;2013-08-27 16:45:49.225564
;Camera_dart_offset:;0.0526728919472;0.0472572957133;Dart_No:;3;total offset to move:;[-0.07534224007394835, -0.11341478106267427];Last Camera Dart Offset: ;0.125769973662;-0.141499725423;timestamp;2013-08-27 16:46:38.232072
;Camera_dart_offset:;0.125769973662;-0.141499725423;Dart_No:;4;total offset to move:;[-0.14751404227324524, 0.07441696055857276];Last Camera Dart Offset: ;-0.0805673582668;0.118503818397;timestamp;2013-08-27 16:47:43.704277
;Camera_dart_offset:;0;0;Dart_No:;1;total offset to move:;[-0.023594627642077825, -0.0032384783038146036];Last Camera Dart Offset: ;0.0;0.0;timestamp;2013-08-27 17:00:07.531036
;Camera_dart_offset:;0;0;Dart_No:;2;total offset to move:;[-0.024519907157453426, -0.005089037334565806];Last Camera Dart Offset: ;0.0;0.0;timestamp;2013-08-27 17:00:58.905673
;Camera_dart_offset:;0;0;Dart_No:;3;total offset to move:;[-0.024519907157453426, -0.0032384783038146036];Last Camera Dart Offset: ;0.0;0.0;timestamp;2013-08-27 17:01:22.870031
;Camera_dart_offset:;0;0;Dart_No:;1;total offset to move:;[-0.022900668005546125, -0.00023131987884390025];Last Camera Dart Offset: ;-0.362314970699;-0.125769973662;timestamp;2013-08-27 17:03:46.890071
;Camera_dart_offset:;0;0;Dart_No:;1;total offset to move:;[0, 0];Last Camera Dart Offset: ;-0.00932083558292;0.188825061566;timestamp;2013-08-27 17:08:42.639568
;Camera_dart_offset:;0;0;Dart_No:;1;total offset to move:;[0, 0];Last Camera Dart Offset: ;0;0;timestamp;2013-08-27 17:43:17.078630
;Camera_dart_offset:;0;0;Dart_No:;2;total offset to move:;[0, 0];Last Camera Dart Offset: ;0;0;timestamp;2013-08-27 17:44:08.689662
;Camera_dart_offset:;0;0;Dart_No:;3;total offset to move:;[-0.16146127543304237, 0.023594627642077825];Last Camera Dart Offset: ;0;0;timestamp;2013-08-27 17:45:54.718486
;Camera_dart_offset:;0;0;Dart_No:;4;total offset to move:;[-0.1605359959176668, 0.023131987884390026];Last Camera Dart Offset: ;-0.170936324269;0.133770930401;timestamp;2013-08-27 17:47:00.040896
;Camera_dart_offset:;-0.170936324269;0.133770930401;Dart_No:;5;total offset to move:;[-0.03540100766023482, -0.11110158227423526];Last Camera Dart Offset: ;-0.173095309804;0.133308290643;timestamp;2013-08-27 17:48:54.022905
;Camera_dart_offset:;-0.173095309804;0.133308290643;Dart_No:;6;total offset to move:;[0.2549825469151412, -0.10416198590891823];Last Camera Dart Offset: ;0.272272563596;0.0898201534206;timestamp;2013-08-27 17:50:23.633401
;Camera_dart_offset:;0.272272563596;0.0898201534206;Dart_No:;7;total offset to move:;[-0.11127392792103422, -0.0615991282016406];Last Camera Dart Offset: ;0.0360178606705;0.0879695943898;timestamp;2013-08-27 18:04:04.173322
;Camera_dart_offset:;0.0360178606705;0.0879695943898;Dart_No:;8;total offset to move:;[0.12405549548949367, -0.0602112089285772];Last Camera Dart Offset: ;0.268725658787;-0.121143576085;timestamp;2013-08-27 18:05:46.342230
;Camera_dart_offset:;0.268725658787;-0.121143576085;Dart_No:;9;total offset to move:;[-0.106339103839031, 0.15121516033474763];Last Camera Dart Offset: ;-0.0676134450516;0.259146304734;timestamp;2013-08-27 18:07:31.581736
;Camera_dart_offset:;-0.0676134450516;0.259146304734;Dart_No:;10;total offset to move:;[0.22999999999999998, -0.22999999999999998];Last Camera Dart Offset: ;0.189614260223;-0.0563740100087;timestamp;2013-08-27 18:11:54.795859
;Camera_dart_offset:;0.189614260223;-0.0563740100087;Dart_No:;11;total offset to move:;[-0.02722770527441709, 0.08459503522770435];Last Camera Dart Offset: ;0.184987862646;0.103699346151;timestamp;2013-08-27 18:12:47.194982
;Camera_dart_offset:;0.189614260223;-0.0563740100087;Dart_No:;1;total offset to move:;[-0.18961426022283506, 0.056374010008748525];Last Camera Dart Offset: ;0;0;timestamp;2013-08-27 22:08:44.939059
;Camera_dart_offset:;0.189614260223;-0.0563740100087;Dart_No:;1;total offset to move:;[-0.18961426022283506, 0.056374010008748525];Last Camera Dart Offset: ;0;0;timestamp;2013-08-27 22:16:03.009801
;Camera_dart_offset:;0;0;Dart_No:;1;total offset to move:;[0.057829969710975065, -0.006939596365317008];Last Camera Dart Offset: ;0;0;timestamp;2013-08-27 22:59:48.318511
;Camera_dart_offset:;0;0;Dart_No:;1;total offset to move:;[0.060914234762227105, -0.006939596365317008];Last Camera Dart Offset: ;0.173421868704;-0.0193628293937;timestamp;2013-08-27 23:06:21.446392
;Camera_dart_offset:;0;0;Dart_No:;1;total offset to move:;[0.05968052874172627, -0.00786487588069261];Last Camera Dart Offset: ;0.175272427735;-0.018900189636;timestamp;2013-08-27 23:15:50.537901
;Camera_dart_offset:;0;0;Dart_No:;1;total offset to move:;[0.06153108777247747, -0.008173302385817791];Last Camera Dart Offset: ;0;0;timestamp;2013-08-27 23:20:23.701509
;Camera_dart_offset:;0;0;Dart_No:;1;total offset to move:;[0.06677433835960583, -0.008481728890943027];Last Camera Dart Offset: ;0;0;timestamp;2013-08-27 23:25:54.655153
;Camera_dart_offset:;0;0;Dart_No:;2;total offset to move:;[0.06893332389548228, -0.00786487588069261];Last Camera Dart Offset: ;0.252533267268;0.0546595318363;timestamp;2013-08-27 23:36:59.617341
;Camera_dart_offset:;0.252533267268;0.0546595318363;Dart_No:;5;total offset to move:;[0.007932916309855764, -0.07640360044765022];Last Camera Dart Offset: ;0.191002179496;-0.00455835714771;timestamp;2013-08-27 23:48:23.347281
;Camera_dart_offset:;0.191002179496;-0.00455835714771;Dart_No:;0;total offset to move:;[0.07223984262846, -0.016260431948236155];Last Camera Dart Offset: ;0.271038857576;0.0722398426285;timestamp;2013-08-27 23:49:38.763916
;Camera_dart_offset:;0.191002179496;-0.00455835714771;Dart_No:;1;total offset to move:;[0.07501568117458679, -0.016260431948236155];Last Camera Dart Offset: ;0.226625440838;0.0356913017711;timestamp;2013-08-27 23:50:40.136661
;Camera_dart_offset:;0.226625440838;0.0356913017711;Dart_No:;2;total offset to move:;[0.04124297886337738, -0.055584811351699195];Last Camera Dart Offset: ;0;0;timestamp;2013-08-27 23:51:42.842664
;Camera_dart_offset:;0;0;Dart_No:;1;total offset to move:;[0.00879015539606821, -0.006014316849941407];Last Camera Dart Offset: ;0.149827241062;0.000993319944539;timestamp;2013-08-28 01:05:46.496576
;Camera_dart_offset:;0.149;0;Dart_No:;1;total offset to move:;[-0.01668502930128904, -0.00925279515375601];Last Camera Dart Offset: ;0.101712706262;0.0500331342594;timestamp;2013-08-28 01:34:36.413862
;Camera_dart_offset:;0.101712706262;0.0500331342594;Dart_No:;2;total offset to move:;[-0.10171270626215298, -0.05003313425944559];Last Camera Dart Offset: ;0.0286156245475;-0.166482272338;timestamp;2013-08-28 01:35:31.923030
;Camera_dart_offset:;0.101712706262;0.0500331342594;Dart_No:;3;total offset to move:;[0.03661658128649936, -0.060673848686265006];Last Camera Dart Offset: ;0.191002179496;-0.0374057799435;timestamp;2013-08-28 01:37:33.568288
;Camera_dart_offset:;0.191002179496;-0.0374057799435;Dart_No:;4;total offset to move:;[-0.048971773885743725, 0.02583978600135369];Last Camera Dart Offset: ;0.0795059978931;0.0389297800749;timestamp;2013-08-28 01:38:51.186538
;Camera_dart_offset:;0.0795059978931;0.0389297800749;Dart_No:;5;total offset to move:;[0.06252440771701621, -0.05049577401713339];Last Camera Dart Offset: ;0;0;timestamp;2013-08-28 01:40:32.743435
;Camera_dart_offset:;0.0795059978931;0.0389297800749;Dart_No:;0;total offset to move:;[0.06437496674776742, -0.049570494501757795];Last Camera Dart Offset: ;0.236803515507;0.0171857114636;timestamp;2013-08-28 01:41:49.523704
;Camera_dart_offset:;0.149;0;Dart_No:;1;total offset to move:;[0.012058631724411045, 0.016192391519073018];Last Camera Dart Offset: ;0.133172209785;0.0754783209323;timestamp;2013-08-28 02:38:20.004060
;Camera_dart_offset:;0.133172209785;0.0754783209323;Dart_No:;2;total offset to move:;[-0.006082357279104528, 0.08889487390522083];Last Camera Dart Offset: ;0.128545812208;0.158290837558;timestamp;2013-08-28 02:39:19.352689
;Camera_dart_offset:;0.128545812208;0.158290837558;Dart_No:;3;total offset to move:;[-0.011634034371358154, 0.1729410965518379];Last Camera Dart Offset: ;0;0;timestamp;2013-08-28 02:40:31.921432
;Camera_dart_offset:;0.14;0;Dart_No:;1;total offset to move:;[0.48707294857435246, 0.0174260975395738];Last Camera Dart Offset: ;0.122762815237;0.0752470010534;timestamp;2013-08-28 03:13:53.313055
;Camera_dart_offset:;0.122762815237;0.0752470010534;Dart_No:;2;total offset to move:;[0.4745136346876187, 0.10770889071785805];Last Camera Dart Offset: ;0;0;timestamp;2013-08-28 03:14:50.281069
;Camera_dart_offset:;0.14;0;Dart_No:;1;total offset to move:;[0.4698523309410231, -0.0174260975395738];Last Camera Dart Offset: ;0;0;timestamp;2013-08-28 03:25:25.606114
;Camera_dart_offset:;0.14;0;Dart_No:;2;total offset to move:;[0.46355522091279744, -0.031767930027895616];Last Camera Dart Offset: ;0.107727023112;0.00978347534061;timestamp;2013-08-28 03:31:03.382632
;Camera_dart_offset:;0.107727023112;0.00978347534061;Dart_No:;3;total offset to move:;[0.4895310877724774, -0.05589323785682438];Last Camera Dart Offset: ;0.167407551854;-0.0378684197012;timestamp;2013-08-28 03:32:17.254555
;Camera_dart_offset:;0.167407551854;-0.0378684197012;Dart_No:;4;total offset to move:;[0.4581396246788701, -0.026814973551656084];Last Camera Dart Offset: ;0.159080036215;0.0250505873443;timestamp;2013-08-28 03:33:23.580749
;Camera_dart_offset:;0.159080036215;0.0250505873443;Dart_No:;5;total offset to move:;[0.4333793314454546, -0.06497368736378148];Last Camera Dart Offset: ;0.0730290412855;-0.0434200967935;timestamp;2013-08-28 03:34:20.248501
;Camera_dart_offset:;0.0730290412855;-0.0434200967935;Dart_No:;0;total offset to move:;[0.49713744518297165, -0.02911003994585879];Last Camera Dart Offset: ;0.180361465069;0.0023812392176;timestamp;2013-08-28 03:35:18.992239
;Camera_dart_offset:;0.0730290412855;-0.0434200967935;Dart_No:;0;total offset to move:;[0.5364531778493635, 0.02519209034059078];Last Camera Dart Offset: ;0.181286744584;0.0731651221438;timestamp;2013-08-28 04:18:29.772789
;Camera_dart_offset:;0.0730290412855;-0.0434200967935;Dart_No:;1;total offset to move:;[0.6036039831432577, 0.049952383574006255];Last Camera Dart Offset: ;0.0;0.0;timestamp;2013-08-28 04:19:53.531445
;Camera_dart_offset:;0.14;0;Dart_No:;1;total offset to move:;[0.48095568512553033, -0.01758031079213642];Last Camera Dart Offset: ;0.0;0.0;timestamp;2013-08-28 04:41:21.102920
;Camera_dart_offset:;0.14;0;Dart_No:;2;total offset to move:;[0.48483664976643626, -0.03469798182658504];Last Camera Dart Offset: ;0.158848716337;0.0322215035885;timestamp;2013-08-28 04:43:24.820714
;Camera_dart_offset:;0.158848716337;0.0322215035885;Dart_No:;3;total offset to move:;[0.4692520450604955, -0.08557928897512496];Last Camera Dart Offset: ;0.0;0.0;timestamp;2013-08-28 04:44:22.619076
;Camera_dart_offset:;0.158848716337;0.0322215035885;Dart_No:;4;total offset to move:;[0.4552095728801807, -0.13738587563904048];Last Camera Dart Offset: ;0.0;0.0;timestamp;2013-08-28 04:45:34.436284
;Camera_dart_offset:;0.158848716337;0.0322215035885;Dart_No:;5;total offset to move:;[0.4433260862357424, -0.18672505026195438];Last Camera Dart Offset: ;0.0;0.0;timestamp;2013-08-28 04:46:59.099198
;Camera_dart_offset:;0.158848716337;0.0322215035885;Dart_No:;0;total offset to move:;[0.4339100116323056, -0.23544737187461784];Last Camera Dart Offset: ;0.0;0.0;timestamp;2013-08-28 04:47:48.921557
;Camera_dart_offset:;0.14;0;Dart_No:;1;total offset to move:;[0.478, 0];Last Camera Dart Offset: ;0;0;timestamp;2013-08-28 05:00:27.047175
;Camera_dart_offset:;0.14;0;Dart_No:;2;total offset to move:;[0.478, 0];Last Camera Dart Offset: ;0.118367737539;0.0671508052939;timestamp;2013-08-28 05:01:30.877816
;Camera_dart_offset:;0.118367737539;0.0671508052939;Dart_No:;3;total offset to move:;[0.46773575250746896, -0.08796959438984522];Last Camera Dart Offset: ;0.0;0.0;timestamp;2013-08-28 05:02:28.789804
;Camera_dart_offset:;0.118367737539;0.0671508052939;Dart_No:;1;total offset to move:;[0.46773575250746896, -0.08796959438984522];last_throw_position:;[0.46773575250746896, -0.08796959438984522];Last Camera Dart Offset: ;0;0;timestamp;2013-08-28 05:22:39.453718
;Camera_dart_offset:;0.14;0;Dart_No:;1;total offset to move:;[0.478, 0];last_throw_position:;[0.478, 0];Last Camera Dart Offset: ;0;0;timestamp;2013-08-28 12:12:06.863461
;Camera_dart_offset:;0.14;0;Dart_No:;1;total offset to move:;[0.478, 0];last_throw_position:;[0.478, 0];Last Camera Dart Offset: ;0.0684026437086;0.0380045005596;timestamp;2013-08-28 13:34:30.876942
;Camera_dart_offset:;0.0684026437086;0.0380045005596;Dart_No:;2;total offset to move:;[0.5016626680712409, -0.0014559597022265405];last_throw_position:;[0.5016626680712409, -0.0014559597022265405];Last Camera Dart Offset: ;0.138723886877;0.0491078547441;timestamp;2013-08-28 13:35:30.162638
;Camera_dart_offset:;0.138723886877;0.0491078547441;Dart_No:;3;total offset to move:;[0.45963049055081423, -0.014015273588960292];last_throw_position:;[0.45963049055081423, -0.014015273588960292];Last Camera Dart Offset: ;0.0733374677906;0.0376960740544;timestamp;2013-08-28 13:36:28.278844
;Camera_dart_offset:;0.0733374677906;0.0376960740544;Dart_No:;4;total offset to move:;[0.4811341730861788, -0.017013365816812905];last_throw_position:;[0.4811341730861788, -0.017013365816812905];Last Camera Dart Offset: ;0.138261247119;0.0528089728056;timestamp;2013-08-28 13:37:24.917135
;Camera_dart_offset:;0.14;0;Dart_No:;1;total offset to move:;[0.478, 0];last_throw_position:;[0.478, 0];Last Camera Dart Offset: ;0;0;timestamp;2013-11-15 15:24:48.392565
;Camera_dart_offset:;0.14;0;Dart_No:;2;total offset to move:;[0.478, 0];last_throw_position:;[0.478, 0];Last Camera Dart Offset: ;0;0;timestamp;2013-11-15 15:27:36.909546
;Camera_dart_offset:;0.14;0;Dart_No:;1;total offset to move:;[0.478, 0];last_throw_position:;[0.478, 0];Last Camera Dart Offset: ;0;0;timestamp;2013-11-15 15:38:19.826553
;Camera_dart_offset:;0.14;0;Dart_No:;1;total offset to move:;[0.478, 0];last_throw_position:;[0.478, 0];Last Camera Dart Offset: ;0.0;0.0;timestamp;2013-11-15 15:44:26.995777
;Camera_dart_offset:;0.14;0;Dart_No:;1;total offset to move:;[0.478, 0];last_throw_position:;[0.478, 0];Last Camera Dart Offset: ;0.0;0.0;timestamp;2013-11-15 15:52:23.404499
;Camera_dart_offset:;0.14;0;Dart_No:;2;total offset to move:;[0.478, 0];last_throw_position:;[0.478, 0];Last Camera Dart Offset: ;0.0;0.0;timestamp;2013-11-15 15:53:50.478527
;Camera_dart_offset:;0.14;0;Dart_No:;1;total offset to move:;[0.478, 0];last_throw_position:;[0.478, 0];Last Camera Dart Offset: ;0.0;0.0;timestamp;2013-11-15 16:02:06.928463
;Camera_dart_offset:;0.14;0;Dart_No:;1;total offset to move:;[0.478, 0];last_throw_position:;[0.478, 0];Last Camera Dart Offset: ;-0.0666771936343;0.12240819865;timestamp;2013-11-15 16:07:03.733262
;Camera_dart_offset:;-0.0666771936343;0.12240819865;Dart_No:;1;total offset to move:;[0.5678984457241935, -0.07828781967923712];last_throw_position:;[0.5678984457241935, -0.07828781967923712];Last Camera Dart Offset: ;-0.000883646046195;0.219163415691;timestamp;2013-11-15 16:11:59.420034
;Camera_dart_offset:;-0.0666771936343;0.12240819865;Dart_No:;1;total offset to move:;[0.5678984457241935, -0.07828781967923712];last_throw_position:;[0.5678984457241935, -0.07828781967923712];Last Camera Dart Offset: ;0.00840485478977;0.218389373955;timestamp;2013-11-15 16:15:52.003161
;Camera_dart_offset:;0.00840485478977;0.218389373955;Dart_No:;1;total offset to move:;[0.5678984457241935, -0.07828781967923712];last_throw_position:;[0.5678984457241935, -0.07828781967923712];Last Camera Dart Offset: ;-0.00243172951886;-0.203572976655;timestamp;2013-11-15 16:28:30.864427
;Camera_dart_offset:;-0.00243172951886;-0.203572976655;Dart_No:;1;total offset to move:;[0.5703301752430492, 0.1252851569756641];last_throw_position:;[0.5703301752430492, 0.1252851569756641];Last Camera Dart Offset: ;-0.199812372283;-0.2151836027;timestamp;2013-11-15 16:31:25.250306
;Camera_dart_offset:;0.14;0;Dart_No:;1;total offset to move:;[0.478, 0];last_throw_position:;[0.478, 0];Last Camera Dart Offset: ;0.0;0.0;timestamp;2013-11-15 16:38:24.231386
;Camera_dart_offset:;0.14;0;Dart_No:;1;total offset to move:;[0.478, 0];last_throw_position:;[0.478, 0];Last Camera Dart Offset: ;0;0;timestamp;2013-11-15 16:39:18.044615
;Camera_dart_offset:;0.14;0;Dart_No:;2;total offset to move:;[0.478, 0];last_throw_position:;[0.478, 0];Last Camera Dart Offset: ;0.0;0.0;timestamp;2013-11-15 16:44:07.934912
;Camera_dart_offset:;0.14;0;Dart_No:;1;total offset to move:;[0.478, 0];last_throw_position:;[0.478, 0];Last Camera Dart Offset: ;-0.0806099448882;0.12240819865;timestamp;2013-11-15 16:45:13.477690
;Camera_dart_offset:;-0.0806099448882;0.12240819865;Dart_No:;1;total offset to move:;[0.5160376493900551, -0.019460647718124988];last_throw_position:;[0.5160376493900551, -0.019460647718124988];Last Camera Dart Offset: ;0.0;0.0;timestamp;2013-11-15 16:46:31.388929
;Camera_dart_offset:;-0.0806099448882;0.12240819865;Dart_No:;1;total offset to move:;[0.5160376493900551, -0.019460647718124988];last_throw_position:;[0.5160376493900551, -0.019460647718124988];Last Camera Dart Offset: ;0.0;0.0;timestamp;2013-11-15 16:47:30.959959
